TMS320C54x COFF Assembler         Version 3.70     Tue Nov 25 01:55:22 2003
Copyright (c) 1996-2001           Texas Instruments Incorporated
dspid.asm                                                            PAGE    1

       1 000000             .sect ".text"
       2                    .def _c_int00
       3              
       4 000000       _c_int00:
       5              
       6 000000 10F8        LD   *(0x003E), A
         000001 003E 
       7 000002 80F8        STL  A, *(0x1100)
         000003 1100 
       8              
       9 000004       L1:    
      10 000004 F073        B     L1
         000005 0004'
      11              
      12                    .end

No Assembly Errors, No Assembly Warnings
10F8
003E
80F8
1100
F073
0004